<?xml version="1.0" encoding="UTF-8"?>
<!-- Generated by org.testng.reporters.JUnitReportReporter -->
<testsuite hostname="Yaseens-MacBook-Pro.local" failures="0" tests="1" name="RealTimeExcercise.testng_GoogleTitle" time="5.901" errors="0" timestamp="2023-07-16T18:56:59 CEST" skipped="0">
  <testcase classname="RealTimeExcercise.testng_GoogleTitle" name="verifyTextboxinput" time="5.901"/>
</testsuite> <!-- RealTimeExcercise.testng_GoogleTitle -->
